C51 COMPILER V9.60.0.0   MAIN                                                              02/22/2021 15:08:09 PAGE 1   


C51 COMPILER V9.60.0.0, COMPILATION OF MODULE MAIN
OBJECT MODULE PLACED IN .\OutPut\main.obj
COMPILER INVOKED BY: C:\Keil_v5\C51\BIN\C51.EXE Source\main.c LARGE OPTIMIZE(9,SPEED) BROWSE INCDIR(.\Source;.\uCosii) D
                    -EBUG OBJECTEXTEND PRINT(.\OutPut\main.lst) TABS(2) OBJECT(.\OutPut\main.obj)

line level    source

   1          #define ALLOCATE_EXTERN
   2          #include "includes.h"
   3          
   4          OS_STK Task1Stk[MaxStkSize+1];
   5          OS_STK Task2Stk[MaxStkSize+1];
   6          OS_STK Task3Stk[MaxStkSize+1];
   7          //OS_STK Task4Stk[MaxStkSize+1];
   8          //OS_STK Task5Stk[MaxStkSize+1];
   9          
  10          void Task1(void *ppdata) reentrant;
  11          void Task2(void *ppdata) reentrant;
  12          void Task3(void *ppdata) reentrant;
  13          //void Task4(void *ppdata) reentrant;
  14          //void Task5(void *ppdata) reentrant;
  15          
  16          //os_cfg.h设置最大的优先级OS_LOWEST_PRIO
  17          //OS_MAX_TASKS任务数
  18          void main(void)
  19          {
  20   1        OSInit();//OS系统初始化
  21   1        InitHardware();//时钟&&管脚初始化
  22   1      
  23   1        OSTaskCreate(Task1,(void*)0,&Task1Stk[0],2);//wifi通信
  24   1        OSTaskCreate(Task2,(void*)0,&Task2Stk[0],1);//ADC
  25   1        OSTaskCreate(Task3,(void*)0,&Task3Stk[0],3);//轮子pwm
  26   1      //  OSTaskCreate(Task4,(void*)0,&Task4Stk[0],3);//按键&项目
  27   1      //  OSTaskCreate(Task5,(void*)0,&Task5Stk[0],1);//检测
  28   1        
  29   1        
  30   1        
  31   1        
  32   1        OSStart();
  33   1      }
  34          
  35          
  36          
  37          


MODULE INFORMATION:   STATIC OVERLAYABLE
   CODE SIZE        =    118    ----
   CONSTANT SIZE    =   ----    ----
   XDATA SIZE       =    147    ----
   PDATA SIZE       =   ----    ----
   DATA SIZE        =   ----    ----
   IDATA SIZE       =   ----    ----
   BIT SIZE         =   ----    ----
END OF MODULE INFORMATION.


C51 COMPILATION COMPLETE.  0 WARNING(S),  0 ERROR(S)
