A51 MACRO ASSEMBLER  OS_CPU_A                                                             02/22/2021 15:08:12 PAGE     1


MACRO ASSEMBLER A51 V8.2.7.0
OBJECT MODULE PLACED IN .\OutPut\os_cpu_a.obj
ASSEMBLER INVOKED BY: C:\Keil_v5\C51\BIN\A51.EXE uCosii\os_cpu_a.asm SET(LARGE) DEBUG PRINT(.\OutPut\os_cpu_a.lst) OBJEC
                      T(.\OutPut\os_cpu_a.obj) EP

LOC  OBJ            LINE     SOURCE

                       1     
                       2     
                       3     
                       4     
                       5     
                       6     
                       7     
                       8     
                       9     
                      10     
                      11     
                      12     
                      13     
                      14     
                      15     
                      16     
                      17     
                      18     
                      19     
                      20     
                      21     
                      22     
                      23     
                      24     
                      25     
                      26     
                      27     
                      28     
                      29     
                      30     
                      31     
                      32     
                      33     
                      34     $nomod51 
  00AF                35     EA      BIT     0A8H.7
  0081                36     SP      DATA    081H
  00F0                37     B       DATA    0F0H
  00E0                38     ACC     DATA    0E0H
  0083                39     DPH     DATA    083H
  0082                40     DPL     DATA    082H
  00D0                41     PSW     DATA    0D0H
  008C                42     TR0     BIT     088H.4
  008C                43     TH0     DATA    08CH
  008A                44     TL0     DATA    08AH
                      45     
                      46             NAME OS_CPU_A    ;ƒ£øÈ√˚
                      47             
                      48     ;∂®“Â÷ÿ∂®Œª∂Œ
                      49     ?PR?OSStartHighRdy?OS_CPU_A    SEGMENT CODE
                      50     ?PR?OSCtxSw?OS_CPU_A           SEGMENT CODE
                      51     ?PR?OSIntCtxSw?OS_CPU_A        SEGMENT CODE
                      52     
                      53     ;?PR?OSTickISR?OS_CPU_A         SEGMENT CODE
                      54     ;?PR?_?serial?OS_CPU_A          SEGMENT CODE
                      55             
                      56     ;…˘√˜“”√»´æ÷±‰¡ø∫ÕÕ‚≤ø◊”≥Ã–Ú
                      57             EXTRN DATA  (?C_XBP)     ;∑¬’Ê∂—’ª÷∏’Î”√”⁄÷ÿ»Îæ÷≤ø±‰¡ø±£¥Ê,Œ™V2.51ƒ‹±ªC π”√∂®“Â‘⁄±æ
A51 MACRO ASSEMBLER  OS_CPU_A                                                             02/22/2021 15:08:12 PAGE     2

                             ƒ£øÈ÷–
                      58     
                      59             EXTRN IDATA (OSTCBCur)
                      60             EXTRN IDATA (OSTCBHighRdy)
                      61             EXTRN IDATA (OSRunning)
                      62             EXTRN IDATA (OSPrioCur)
                      63             EXTRN IDATA (OSPrioHighRdy)
                      64         
                      65             EXTRN CODE  (_?OSTaskSwHook)
                      66             EXTRN CODE  (_?OSIntEnter)
                      67             EXTRN CODE  (_?OSIntExit)
                      68             EXTRN CODE  (_?OSTimeTick)        
                      69     ;        EXTRN CODE  (_?serial)
                      70                 
                      71     ;∂‘Õ‚…˘√˜4∏ˆ≤ªø…÷ÿ»Î∫Ø 
                      72             PUBLIC OSStartHighRdy
                      73             PUBLIC OSCtxSw
                      74             PUBLIC OSIntCtxSw
                      75     
                      76     ;        PUBLIC OSTickISR
                      77     ;        PUBLIC SerialISR        
                      78     
                      79     
                      80     ;∑÷≈‰∂—’ªø’º‰°£÷ªπÿ–ƒ¥Û–°£¨∂—’ª∆µ„”…keilæˆ∂®£¨Õ®π±Í∫≈ø…“‘ªÒµ√keil∑÷≈‰µƒSP∆µ„°£
                      81     ?STACK SEGMENT IDATA
----                  82             RSEG ?STACK
0000                  83     OSStack:
0000                  84             DS 40H
  FFFF                85     OSStkStart IDATA OSStack-1
                      86     
                      87     PUSHALL    MACRO        ;∂®“Â—π’ª≥ˆ’ª∫Í
                      88             PUSH ACC
                      89             PUSH B
                      90             PUSH DPH
                      91             PUSH DPL
                      92             PUSH PSW
                      93             MOV  A,R0   ;R0-R7»Î’ª
                      94             PUSH ACC
                      95             MOV  A,R1
                      96             PUSH ACC
                      97             MOV  A,R2
                      98             PUSH ACC
                      99             MOV  A,R3
                     100             PUSH ACC
                     101             MOV  A,R4
                     102             PUSH ACC
                     103             MOV  A,R5
                     104             PUSH ACC
                     105             MOV  A,R6
                     106             PUSH ACC
                     107             MOV  A,R7
                     108             PUSH ACC
                     109             ;PUSH SP    ;≤ª±ÿ±£¥ÊSP£¨»ŒŒÒ«–ªª ±”…œ‡”¶≥Ã–Úµ˜’˚
                     110             ENDM
                     111         
                     112     POPALL    MACRO
                     113             ;POP  ACC   ;≤ª±ÿ±£¥ÊSP£¨»ŒŒÒ«–ªª ±”…œ‡”¶≥Ã–Úµ˜’˚
                     114             POP  ACC    ;R0-R7≥ˆ’ª
                     115             MOV  R7,A
                     116             POP  ACC
                     117             MOV  R6,A
                     118             POP  ACC
                     119             MOV  R5,A
                     120             POP  ACC
                     121             MOV  R4,A
                     122             POP  ACC
A51 MACRO ASSEMBLER  OS_CPU_A                                                             02/22/2021 15:08:12 PAGE     3

                     123             MOV  R3,A
                     124             POP  ACC
                     125             MOV  R2,A
                     126             POP  ACC
                     127             MOV  R1,A
                     128             POP  ACC
                     129             MOV  R0,A
                     130             POP  PSW
                     131             POP  DPL
                     132             POP  DPH
                     133             POP  B
                     134             POP  ACC
                     135             ENDM
                     136         
                     137     ;◊”≥Ã–Ú
                     138     ;-------------------------------------------------------------------------
----                 139             RSEG ?PR?OSStartHighRdy?OS_CPU_A
0000                 140     OSStartHighRdy:
                     141             USING 0    ;…œµÁ∫Û51◊‘∂Øπÿ÷–∂œ£¨¥À¥¶≤ª±ÿ”√CLR EA÷∏¡Ó£¨“ÚŒ™µΩ¥À¥¶ªπŒ¥ø™÷–∂œ£¨±æ≥Ã–ÚÕ
                             À≥ˆ∫Û£¨ø™÷–∂œ°£
0000 120000   F      142             LCALL _?OSTaskSwHook
                     143     
0003                 144     OSCtxSw_in:
                     145         
                     146             ;OSTCBCur ===> DPTR  ªÒµ√µ±«∞TCB÷∏’Î£¨œÍº˚C51.PDFµ⁄178“≥
0003 7800     F      147             MOV  R0,#LOW (OSTCBCur) ;ªÒµ√OSTCBCur÷∏’ÎµÕµÿ÷∑£¨÷∏’Î’º3◊÷Ω⁄°£+0¿‡–Õ+1∏ﬂ8Œª æ›+2µÕ8
                             Œª æ›
0005 08              148             INC  R0
0006 8683            149             MOV  DPH,@R0    ;»´æ÷±‰¡øOSTCBCur‘⁄IDATA÷–
0008 08              150             INC  R0
0009 8682            151             MOV  DPL,@R0
                     152         
                     153             ;OSTCBCur->OSTCBStkPtr ===> DPTR  ªÒµ√”√ªß∂—’ª÷∏’Î
000B A3              154             INC  DPTR        ;÷∏’Î’º3◊÷Ω⁄°£+0¿‡–Õ+1∏ﬂ8Œª æ›+2µÕ8Œª æ›
000C E0              155             MOVX A,@DPTR     ;.OSTCBStkPtr «void÷∏’Î
000D F8              156             MOV  R0,A
000E A3              157             INC  DPTR
000F E0              158             MOVX A,@DPTR
0010 F9              159             MOV  R1,A
0011 8883            160             MOV  DPH,R0
0013 8982            161             MOV  DPL,R1
                     162         
                     163             ;*UserStkPtr ===> R5  ”√ªß∂—’ª∆ ºµÿ÷∑ƒ⁄»›(º¥”√ªß∂—’ª≥§∂»∑≈‘⁄¥À¥¶)  œÍº˚ŒƒµµÀµ√˜  ÷
                             ∏’Î”√∑®œÍº˚C51.PDFµ⁄178“≥    
0015 E0              164             MOVX A,@DPTR     ;”√ªß∂—’ª÷– «unsigned char¿‡–Õ æ›
0016 FD              165             MOV  R5,A        ;R5=”√ªß∂—’ª≥§∂»
                     166         
                     167             ;ª÷∏¥œ÷≥°∂—’ªƒ⁄»›
0017 7800     F      168             MOV  R0,#OSStkStart
                     169             
0019                 170     restore_stack:
                     171         
0019 A3              172             INC  DPTR
001A 08              173             INC  R0
001B E0              174             MOVX A,@DPTR
001C F6              175             MOV  @R0,A
001D DDFA            176             DJNZ R5,restore_stack
                     177         
                     178             ;ª÷∏¥∂—’ª÷∏’ÎSP
001F 8881            179             MOV  SP,R0
                     180         
                     181             ;ª÷∏¥∑¬’Ê∂—’ª÷∏’Î?C_XBP        
0021 A3              182             INC  DPTR
0022 E0              183             MOVX A,@DPTR
0023 F500     F      184             MOV  ?C_XBP,A    ;?C_XBP ∑¬’Ê∂—’ª÷∏’Î∏ﬂ8Œª
0025 A3              185             INC  DPTR
A51 MACRO ASSEMBLER  OS_CPU_A                                                             02/22/2021 15:08:12 PAGE     4

0026 E0              186             MOVX A,@DPTR
0027 F500     F      187             MOV  ?C_XBP+1,A  ;?C_XBP ∑¬’Ê∂—’ª÷∏’ÎµÕ8Œª
                     188         
                     189             ;OSRunning=TRUE
0029 7800     F      190             MOV  R0,#LOW (OSRunning)
002B 7601            191             MOV  @R0,#01
                     192         
                     193             POPALL
004F D2AF            216             SETB EA    ;ø™÷–∂œ
0051 32              217             RETI
                     218     ;-------------------------------------------------------------------------
----                 219             RSEG ?PR?OSCtxSw?OS_CPU_A
0000                 220     OSCtxSw:    
                     221             PUSHALL
                     244         
0022                 245     OSIntCtxSw_in:
                     246         
                     247             ;ªÒµ√∂—’ª≥§∂»∫Õ∆÷∑
0022 E581            248             MOV  A,SP
0024 C3              249             CLR  C
0025 9400     F      250             SUBB A,#OSStkStart
0027 FD              251             MOV  R5,A     ;ªÒµ√∂—’ª≥§∂»        
                     252         
                     253             ;OSTCBCur ===> DPTR  ªÒµ√µ±«∞TCB÷∏’Î£¨œÍº˚C51.PDFµ⁄178“≥
0028 7800     F      254             MOV  R0,#LOW (OSTCBCur) ;ªÒµ√OSTCBCur÷∏’ÎµÕµÿ÷∑£¨÷∏’Î’º3◊÷Ω⁄°£+0¿‡–Õ+1∏ﬂ8Œª æ›+2µÕ8
                             Œª æ›
002A 08              255             INC  R0
002B 8683            256             MOV  DPH,@R0    ;»´æ÷±‰¡øOSTCBCur‘⁄IDATA÷–
002D 08              257             INC  R0
002E 8682            258             MOV  DPL,@R0
                     259         
                     260             ;OSTCBCur->OSTCBStkPtr ===> DPTR  ªÒµ√”√ªß∂—’ª÷∏’Î
0030 A3              261             INC  DPTR        ;÷∏’Î’º3◊÷Ω⁄°£+0¿‡–Õ+1∏ﬂ8Œª æ›+2µÕ8Œª æ›
0031 E0              262             MOVX A,@DPTR     ;.OSTCBStkPtr «void÷∏’Î
0032 F8              263             MOV  R0,A
0033 A3              264             INC  DPTR
0034 E0              265             MOVX A,@DPTR
0035 F9              266             MOV  R1,A
0036 8883            267             MOV  DPH,R0
0038 8982            268             MOV  DPL,R1
                     269             
                     270             ;±£¥Ê∂—’ª≥§∂»
003A ED              271             MOV  A,R5
003B F0              272             MOVX @DPTR,A
                     273         
003C 7800     F      274             MOV  R0,#OSStkStart  ;ªÒµ√∂—’ª∆÷∑
003E                 275     save_stack:
                     276         
003E A3              277             INC  DPTR
003F 08              278             INC  R0
0040 E6              279             MOV  A,@R0
0041 F0              280             MOVX @DPTR,A
0042 DDFA            281             DJNZ R5,save_stack
                     282             
                     283             ;±£¥Ê∑¬’Ê∂—’ª÷∏’Î?C_XBP
0044 A3              284             INC  DPTR
0045 E500     F      285             MOV  A,?C_XBP    ;?C_XBP ∑¬’Ê∂—’ª÷∏’Î∏ﬂ8Œª
0047 F0              286             MOVX @DPTR,A
0048 A3              287             INC  DPTR
0049 E500     F      288             MOV  A,?C_XBP+1  ;?C_XBP ∑¬’Ê∂—’ª÷∏’ÎµÕ8Œª
004B F0              289             MOVX @DPTR,A        
                     290         
                     291             ;µ˜”√”√ªß≥Ã–Ú
004C 120000   F      292             LCALL _?OSTaskSwHook
                     293             
                     294             ;OSTCBCur = OSTCBHighRdy
A51 MACRO ASSEMBLER  OS_CPU_A                                                             02/22/2021 15:08:12 PAGE     5

004F 7800     F      295             MOV  R0,#OSTCBCur
0051 7900     F      296             MOV  R1,#OSTCBHighRdy
0053 E7              297             MOV  A,@R1
0054 F6              298             MOV  @R0,A
0055 08              299             INC  R0
0056 09              300             INC  R1
0057 E7              301             MOV  A,@R1
0058 F6              302             MOV  @R0,A
0059 08              303             INC  R0
005A 09              304             INC  R1
005B E7              305             MOV  A,@R1
005C F6              306             MOV  @R0,A
                     307                     
                     308             ;OSPrioCur = OSPrioHighRdy   π”√’‚¡Ω∏ˆ±‰¡ø÷˜“™ƒøµƒ «Œ™¡À π÷∏’Î±»Ωœ±‰Œ™◊÷Ω⁄±»Ωœ£¨“‘±
                             „Ω⁄ ° ±º‰°£
005D 7800     F      309             MOV  R0,#OSPrioCur
005F 7900     F      310             MOV  R1,#OSPrioHighRdy
0061 E7              311             MOV  A,@R1
0062 F6              312             MOV  @R0,A
                     313             
0063 020000   F      314             LJMP OSCtxSw_in
                     315     ;-------------------------------------------------------------------------
----                 316             RSEG ?PR?OSIntCtxSw?OS_CPU_A
                     317             
0000                 318     OSIntCtxSw:
                     319     
                     320             ;µ˜’˚SP÷∏’Î»•µÙ‘⁄µ˜”√OSIntExit(),OSIntCtxSw()π≥Ã÷–—π»Î∂—’ªµƒ∂‡”‡ƒ⁄»›
                     321             ;SP=SP-4
                     322     
0000 E581            323             MOV  A,SP
0002 C3              324             CLR  C
0003 9404            325             SUBB A,#4
0005 F581            326             MOV  SP,A
                     327             
0007 020000   F      328             LJMP OSIntCtxSw_in
                     329     
                     330             END
A51 MACRO ASSEMBLER  OS_CPU_A                                                             02/22/2021 15:08:12 PAGE     6

SYMBOL TABLE LISTING
------ ----- -------


N A M E                      T Y P E  V A L U E   ATTRIBUTES

?C_XBP. . . . . . . . . . .  D ADDR   -----       EXT
?PR?OSCTXSW?OS_CPU_A. . . .  C SEG    0066H       REL=UNIT
?PR?OSINTCTXSW?OS_CPU_A . .  C SEG    000AH       REL=UNIT
?PR?OSSTARTHIGHRDY?OS_CPU_A  C SEG    0052H       REL=UNIT
?STACK. . . . . . . . . . .  I SEG    0040H       REL=UNIT
ACC . . . . . . . . . . . .  D ADDR   00E0H   A   
B . . . . . . . . . . . . .  D ADDR   00F0H   A   
DPH . . . . . . . . . . . .  D ADDR   0083H   A   
DPL . . . . . . . . . . . .  D ADDR   0082H   A   
EA. . . . . . . . . . . . .  B ADDR   00A8H.7 A   
OSCTXSW . . . . . . . . . .  C ADDR   0000H   R   SEG=?PR?OSCTXSW?OS_CPU_A
OSCTXSW_IN. . . . . . . . .  C ADDR   0003H   R   SEG=?PR?OSSTARTHIGHRDY?OS_CPU_A
OSINTCTXSW. . . . . . . . .  C ADDR   0000H   R   SEG=?PR?OSINTCTXSW?OS_CPU_A
OSINTCTXSW_IN . . . . . . .  C ADDR   0022H   R   SEG=?PR?OSCTXSW?OS_CPU_A
OSPRIOCUR . . . . . . . . .  I ADDR   -----       EXT
OSPRIOHIGHRDY . . . . . . .  I ADDR   -----       EXT
OSRUNNING . . . . . . . . .  I ADDR   -----       EXT
OSSTACK . . . . . . . . . .  I ADDR   0000H   R   SEG=?STACK
OSSTARTHIGHRDY. . . . . . .  C ADDR   0000H   R   SEG=?PR?OSSTARTHIGHRDY?OS_CPU_A
OSSTKSTART. . . . . . . . .  I ADDR   FFFFH   R   SEG=?STACK
OSTCBCUR. . . . . . . . . .  I ADDR   -----       EXT
OSTCBHIGHRDY. . . . . . . .  I ADDR   -----       EXT
OS_CPU_A. . . . . . . . . .  N NUMB   -----       
PSW . . . . . . . . . . . .  D ADDR   00D0H   A   
RESTORE_STACK . . . . . . .  C ADDR   0019H   R   SEG=?PR?OSSTARTHIGHRDY?OS_CPU_A
SAVE_STACK. . . . . . . . .  C ADDR   003EH   R   SEG=?PR?OSCTXSW?OS_CPU_A
SP. . . . . . . . . . . . .  D ADDR   0081H   A   
TH0 . . . . . . . . . . . .  D ADDR   008CH   A   
TL0 . . . . . . . . . . . .  D ADDR   008AH   A   
TR0 . . . . . . . . . . . .  B ADDR   0088H.4 A   
_?OSINTENTER. . . . . . . .  C ADDR   -----       EXT
_?OSINTEXIT . . . . . . . .  C ADDR   -----       EXT
_?OSTASKSWHOOK. . . . . . .  C ADDR   -----       EXT
_?OSTIMETICK. . . . . . . .  C ADDR   -----       EXT


REGISTER BANK(S) USED: 0 


ASSEMBLY COMPLETE.  0 WARNING(S), 0 ERROR(S)
