C51 COMPILER V9.60.0.0   TASK4                                                             12/22/2020 12:00:38 PAGE 1   


C51 COMPILER V9.60.0.0, COMPILATION OF MODULE TASK4
OBJECT MODULE PLACED IN .\OutPut\task4.obj
COMPILER INVOKED BY: C:\Keil_v5\C51\BIN\C51.EXE Source\task4.c LARGE OPTIMIZE(8,SPEED) BROWSE INCDIR(.\Source;.\uCosii) 
                    -DEBUG OBJECTEXTEND PRINT(.\OutPut\task4.lst) TABS(2) OBJECT(.\OutPut\task4.obj)

line level    source

   1          #include "includes.h"
   2          
   3          void Task4(void *ppdata) reentrant
   4          {
   5   1          ppdata = ppdata;
   6   1        while(1){
   7   2          
   8   2          
   9   2        OSTimeDly(30);
  10   2      
  11   2          }  }
  12          
  13          
  14          
  15          


MODULE INFORMATION:   STATIC OVERLAYABLE
   CODE SIZE        =     52    ----
   CONSTANT SIZE    =   ----    ----
   XDATA SIZE       =   ----    ----
   PDATA SIZE       =   ----    ----
   DATA SIZE        =   ----    ----
   IDATA SIZE       =   ----    ----
   BIT SIZE         =   ----    ----
END OF MODULE INFORMATION.


C51 COMPILATION COMPLETE.  0 WARNING(S),  0 ERROR(S)
