C51 COMPILER V9.60.0.0   TASK5                                                             12/22/2020 12:00:38 PAGE 1   


C51 COMPILER V9.60.0.0, COMPILATION OF MODULE TASK5
OBJECT MODULE PLACED IN .\OutPut\task5.obj
COMPILER INVOKED BY: C:\Keil_v5\C51\BIN\C51.EXE Source\task5.c LARGE OPTIMIZE(8,SPEED) BROWSE INCDIR(.\Source;.\uCosii) 
                    -DEBUG OBJECTEXTEND PRINT(.\OutPut\task5.lst) TABS(2) OBJECT(.\OutPut\task5.obj)

line level    source

   1          #include "includes.h"
   2          #include "HC89F0541.h"
   3          //unsigned char guc_AdcFlag  = 0;         //ADC转换完成标志位
   4          
   5          
   6          
   7          
   8          void Task5(void *ppdata) reentrant
   9          {
  10   1          ppdata = ppdata;
  11   1        while(1)
  12   1        {
  13   2      
  14   2      
  15   2          
  16   2      OSTimeDly(50);
  17   2        
  18   2          
  19   2        }}
  20          
  21          
  22          
  23          
  24          
  25          
  26          
  27          
  28          
  29          
  30          
  31          
  32          
  33          //void ADC_Rpt() interrupt ADC_VECTOR//电流转换
  34          //{
  35          //    guc_AdcFlag = 1;                    //ADC转换结束
  36          //    IE1 &=~ 0x40;                       //关闭ADC中断
  37          //    ADCC0 &=~ 0x20;           //清除ADC中断标志位ADCC0 &=~ 0x20;  
  38          
  39          //    
  40          //} 
  41          


MODULE INFORMATION:   STATIC OVERLAYABLE
   CODE SIZE        =     52    ----
   CONSTANT SIZE    =   ----    ----
   XDATA SIZE       =   ----    ----
   PDATA SIZE       =   ----    ----
   DATA SIZE        =   ----    ----
   IDATA SIZE       =   ----    ----
   BIT SIZE         =   ----    ----
END OF MODULE INFORMATION.


C51 COMPILATION COMPLETE.  0 WARNING(S),  0 ERROR(S)
